<?xml version="1.0" encoding="UTF-8"?>
<!-- Generated by org.testng.reporters.JUnitXMLReporter -->
<testsuite hostname="sumeet3150782" ignored="0" name="Test Login" tests="1" failures="1" timestamp="28 Dec 2020 17:07:47 GMT" time="55.559" errors="0">
  <testcase name="verifyCityTemperature" time="25.333" classname="com.testvagrant.testcases.NdtvTest">
    <failure type="java.lang.AssertionError" message="null">
      <![CDATA[java.lang.AssertionError: null
	at com.testvagrant.testcases.NdtvTest.verifyCityTemperature(NdtvTest.java:42)
... Removed 27 stack frames]]>
    </failure>
  </testcase> <!-- verifyCityTemperature -->
</testsuite> <!-- Test Login -->
